<?xml version="1.0" encoding="UTF-8"?>
<!-- Generated by org.testng.reporters.JUnitReportReporter -->
<testsuite skipped="0" hostname="LAPTOP-6AIJLEUL" name="com.learnautomation.com.learnautomation.selenium.WindowHandleExample" tests="1" failures="0" timestamp="03 Feb 2019 04:30:40 GMT" time="9.468" errors="0">
  <testcase name="closeAllTheWindow" time="9.468" classname="com.learnautomation.com.learnautomation.selenium.WindowHandleExample"/>
</testsuite> <!-- com.learnautomation.com.learnautomation.selenium.WindowHandleExample -->
