<?xml version="1.0" encoding="UTF-8"?>
<!-- Generated by org.testng.reporters.JUnitReportReporter -->
<testsuite hostname="LAPTOP-6AIJLEUL" failures="0" tests="1" name="com.learnautomation.com.learnautomation.selenium.VerifyPropertyAgent" time="25.757" errors="0" timestamp="03 May 2019 04:01:56 GMT" skipped="0">
  <testcase classname="com.learnautomation.com.learnautomation.selenium.VerifyPropertyAgent" name="verifyProperty_" time="25.757"/>
</testsuite> <!-- com.learnautomation.com.learnautomation.selenium.VerifyPropertyAgent -->
